<?xml version="1.0" encoding="UTF-8"?>
<!-- Generated by org.testng.reporters.JUnitXMLReporter -->
<testsuite hostname="Pavans-MacBook-Pro.local" ignored="0" name="Default test" tests="3" failures="0" timestamp="17 Jan 2019 07:58:10 GMT" time="107.178" errors="0">
  <testcase name="createGatepassNegativeCase" time="22.264" classname="com.pharmeasy.MercuryUI.Gatepass.CreateGatepassNegativeCase"/>
  <testcase name="createGatepassNegativeCase" time="35.324" classname="com.pharmeasy.MercuryUI.Gatepass.CreateGatepassNegativeCase"/>
  <testcase name="createGatepassNegativeCase" time="19.022" classname="com.pharmeasy.MercuryUI.Gatepass.CreateGatepassNegativeCase"/>
</testsuite> <!-- Default test -->
