<?xml version="1.0" encoding="UTF-8"?>
<!-- Generated by org.testng.reporters.JUnitXMLReporter -->
<testsuite hostname="Pavans-MacBook-Pro.local" ignored="0" name="Default test" tests="3" failures="0" timestamp="21 Jan 2019 05:48:59 GMT" time="178.923" errors="0">
  <testcase name="NegativePurchaseEntry" time="50.988" classname="com.pharmeasy.MercuryUI.PurchaseEntry.PurchaseEntryNegativeCase"/>
  <testcase name="NegativePurchaseEntry" time="51.018" classname="com.pharmeasy.MercuryUI.PurchaseEntry.PurchaseEntryNegativeCase"/>
  <testcase name="NegativePurchaseEntry" time="51.604" classname="com.pharmeasy.MercuryUI.PurchaseEntry.PurchaseEntryNegativeCase"/>
</testsuite> <!-- Default test -->
