<?xml version="1.0" encoding="UTF-8"?>
<testng-results skipped="0" failed="0" ignored="0" total="3" passed="3">
  <reporter-output>
  </reporter-output>
  <suite name="Default suite" duration-ms="107178" started-at="2019-01-17T07:56:23Z" finished-at="2019-01-17T07:58:10Z">
    <groups>
    </groups>
    <test name="Default test" duration-ms="107178" started-at="2019-01-17T07:56:23Z" finished-at="2019-01-17T07:58:10Z">
      <class name="com.pharmeasy.MercuryUI.Gatepass.CreateGatepassNegativeCase">
        <test-method status="PASS" signature="beforeMethod(java.lang.reflect.Method)[pri:0, instance:com.pharmeasy.MercuryUI.Gatepass.CreateGatepassNegativeCase@73d4cc9e]" name="beforeMethod" is-config="true" duration-ms="14320" started-at="2019-01-17T07:56:24Z" finished-at="2019-01-17T07:56:38Z">
          <params>
            <param index="0">
              <value>
                <![CDATA[public void com.pharmeasy.MercuryUI.Gatepass.CreateGatepassNegativeCase.createGatepassNegativeCase(java.lang.String) throws java.lang.InterruptedException]]>
              </value>
            </param>
          </params>
          <reporter-output>
          </reporter-output>
        </test-method> <!-- beforeMethod -->
        <test-method status="PASS" signature="createGatepassNegativeCase(java.lang.String)[pri:0, instance:com.pharmeasy.MercuryUI.Gatepass.CreateGatepassNegativeCase@73d4cc9e]" name="createGatepassNegativeCase" duration-ms="22264" started-at="2019-01-17T07:56:38Z" data-provider="getTestData" finished-at="2019-01-17T07:57:00Z">
          <params>
            <param index="0">
              <value>
                <![CDATA[GPavan8]]>
              </value>
            </param>
          </params>
          <reporter-output>
          </reporter-output>
        </test-method> <!-- createGatepassNegativeCase -->
        <test-method status="PASS" signature="afterMethod(org.testng.ITestResult)[pri:0, instance:com.pharmeasy.MercuryUI.Gatepass.CreateGatepassNegativeCase@73d4cc9e]" name="afterMethod" is-config="true" duration-ms="116" started-at="2019-01-17T07:57:00Z" finished-at="2019-01-17T07:57:00Z">
          <params>
            <param index="0">
              <value>
                <![CDATA[[TestResult name=createGatepassNegativeCase status=SUCCESS method=CreateGatepassNegativeCase.createGatepassNegativeCase(java.lang.String)[pri:0, instance:com.pharmeasy.MercuryUI.Gatepass.CreateGatepassNegativeCase@73d4cc9e] output={null}]]]>
              </value>
            </param>
          </params>
          <reporter-output>
          </reporter-output>
        </test-method> <!-- afterMethod -->
        <test-method status="PASS" signature="beforeMethod(java.lang.reflect.Method)[pri:0, instance:com.pharmeasy.MercuryUI.Gatepass.CreateGatepassNegativeCase@73d4cc9e]" name="beforeMethod" is-config="true" duration-ms="7435" started-at="2019-01-17T07:57:00Z" finished-at="2019-01-17T07:57:08Z">
          <params>
            <param index="0">
              <value>
                <![CDATA[public void com.pharmeasy.MercuryUI.Gatepass.CreateGatepassNegativeCase.createGatepassNegativeCase(java.lang.String) throws java.lang.InterruptedException]]>
              </value>
            </param>
          </params>
          <reporter-output>
          </reporter-output>
        </test-method> <!-- beforeMethod -->
        <test-method status="PASS" signature="createGatepassNegativeCase(java.lang.String)[pri:0, instance:com.pharmeasy.MercuryUI.Gatepass.CreateGatepassNegativeCase@73d4cc9e]" name="createGatepassNegativeCase" duration-ms="35324" started-at="2019-01-17T07:57:08Z" data-provider="getTestData" finished-at="2019-01-17T07:57:43Z">
          <params>
            <param index="0">
              <value>
                <![CDATA[GPavan9]]>
              </value>
            </param>
          </params>
          <reporter-output>
          </reporter-output>
        </test-method> <!-- createGatepassNegativeCase -->
        <test-method status="PASS" signature="afterMethod(org.testng.ITestResult)[pri:0, instance:com.pharmeasy.MercuryUI.Gatepass.CreateGatepassNegativeCase@73d4cc9e]" name="afterMethod" is-config="true" duration-ms="231" started-at="2019-01-17T07:57:43Z" finished-at="2019-01-17T07:57:43Z">
          <params>
            <param index="0">
              <value>
                <![CDATA[[TestResult name=createGatepassNegativeCase status=SUCCESS method=CreateGatepassNegativeCase.createGatepassNegativeCase(java.lang.String)[pri:0, instance:com.pharmeasy.MercuryUI.Gatepass.CreateGatepassNegativeCase@73d4cc9e] output={null}]]]>
              </value>
            </param>
          </params>
          <reporter-output>
          </reporter-output>
        </test-method> <!-- afterMethod -->
        <test-method status="PASS" signature="beforeMethod(java.lang.reflect.Method)[pri:0, instance:com.pharmeasy.MercuryUI.Gatepass.CreateGatepassNegativeCase@73d4cc9e]" name="beforeMethod" is-config="true" duration-ms="6147" started-at="2019-01-17T07:57:43Z" finished-at="2019-01-17T07:57:49Z">
          <params>
            <param index="0">
              <value>
                <![CDATA[public void com.pharmeasy.MercuryUI.Gatepass.CreateGatepassNegativeCase.createGatepassNegativeCase(java.lang.String) throws java.lang.InterruptedException]]>
              </value>
            </param>
          </params>
          <reporter-output>
          </reporter-output>
        </test-method> <!-- beforeMethod -->
        <test-method status="PASS" signature="createGatepassNegativeCase(java.lang.String)[pri:0, instance:com.pharmeasy.MercuryUI.Gatepass.CreateGatepassNegativeCase@73d4cc9e]" name="createGatepassNegativeCase" duration-ms="19022" started-at="2019-01-17T07:57:49Z" data-provider="getTestData" finished-at="2019-01-17T07:58:08Z">
          <params>
            <param index="0">
              <value>
                <![CDATA[Test]]>
              </value>
            </param>
          </params>
          <reporter-output>
          </reporter-output>
        </test-method> <!-- createGatepassNegativeCase -->
        <test-method status="PASS" signature="afterMethod(org.testng.ITestResult)[pri:0, instance:com.pharmeasy.MercuryUI.Gatepass.CreateGatepassNegativeCase@73d4cc9e]" name="afterMethod" is-config="true" duration-ms="186" started-at="2019-01-17T07:58:08Z" finished-at="2019-01-17T07:58:09Z">
          <params>
            <param index="0">
              <value>
                <![CDATA[[TestResult name=createGatepassNegativeCase status=SUCCESS method=CreateGatepassNegativeCase.createGatepassNegativeCase(java.lang.String)[pri:0, instance:com.pharmeasy.MercuryUI.Gatepass.CreateGatepassNegativeCase@73d4cc9e] output={null}]]]>
              </value>
            </param>
          </params>
          <reporter-output>
          </reporter-output>
        </test-method> <!-- afterMethod -->
        <test-method status="PASS" signature="endTest()[pri:0, instance:com.pharmeasy.MercuryUI.Gatepass.CreateGatepassNegativeCase@73d4cc9e]" name="endTest" is-config="true" duration-ms="1092" started-at="2019-01-17T07:58:09Z" finished-at="2019-01-17T07:58:10Z">
          <reporter-output>
          </reporter-output>
        </test-method> <!-- endTest -->
      </class> <!-- com.pharmeasy.MercuryUI.Gatepass.CreateGatepassNegativeCase -->
    </test> <!-- Default test -->
  </suite> <!-- Default suite -->
</testng-results>
