<?xml version="1.0" encoding="UTF-8"?>
<testng-results skipped="0" failed="0" ignored="0" total="3" passed="3">
  <reporter-output>
  </reporter-output>
  <suite name="Default suite" duration-ms="178923" started-at="2019-01-21T05:46:00Z" finished-at="2019-01-21T05:48:59Z">
    <groups>
    </groups>
    <test name="Default test" duration-ms="178923" started-at="2019-01-21T05:46:00Z" finished-at="2019-01-21T05:48:59Z">
      <class name="com.pharmeasy.MercuryUI.PurchaseEntry.PurchaseEntryNegativeCase">
        <test-method status="PASS" signature="beforeMethod(java.lang.reflect.Method)[pri:0, instance:com.pharmeasy.MercuryUI.PurchaseEntry.PurchaseEntryNegativeCase@543e710e]" name="beforeMethod" is-config="true" duration-ms="6826" started-at="2019-01-21T05:46:01Z" finished-at="2019-01-21T05:46:08Z">
          <params>
            <param index="0">
              <value>
                <![CDATA[public void com.pharmeasy.MercuryUI.PurchaseEntry.PurchaseEntryNegativeCase.NegativePurchaseEntry(java.lang.String,java.lang.String,java.lang.String) throws java.lang.InterruptedException]]>
              </value>
            </param>
          </params>
          <reporter-output>
          </reporter-output>
        </test-method> <!-- beforeMethod -->
        <test-method status="PASS" signature="NegativePurchaseEntry(java.lang.String, java.lang.String, java.lang.String)[pri:0, instance:com.pharmeasy.MercuryUI.PurchaseEntry.PurchaseEntryNegativeCase@543e710e]" name="NegativePurchaseEntry" duration-ms="50988" started-at="2019-01-21T05:46:08Z" data-provider="getTestData" finished-at="2019-01-21T05:46:59Z">
          <params>
            <param index="0">
              <value>
                <![CDATA[ne12]]>
              </value>
            </param>
            <param index="1">
              <value>
                <![CDATA[DOLO 120MG SUSP ]]>
              </value>
            </param>
            <param index="2">
              <value is-null="true"/>
            </param>
          </params>
          <reporter-output>
          </reporter-output>
        </test-method> <!-- NegativePurchaseEntry -->
        <test-method status="PASS" signature="afterMethod(org.testng.ITestResult)[pri:0, instance:com.pharmeasy.MercuryUI.PurchaseEntry.PurchaseEntryNegativeCase@543e710e]" name="afterMethod" is-config="true" duration-ms="169" started-at="2019-01-21T05:46:59Z" finished-at="2019-01-21T05:46:59Z">
          <params>
            <param index="0">
              <value>
                <![CDATA[[TestResult name=NegativePurchaseEntry status=SUCCESS method=PurchaseEntryNegativeCase.NegativePurchaseEntry(java.lang.String, java.lang.String, java.lang.String)[pri:0, instance:com.pharmeasy.MercuryUI.PurchaseEntry.PurchaseEntryNegativeCase@543e710e] output={null}]]]>
              </value>
            </param>
          </params>
          <reporter-output>
          </reporter-output>
        </test-method> <!-- afterMethod -->
        <test-method status="PASS" signature="beforeMethod(java.lang.reflect.Method)[pri:0, instance:com.pharmeasy.MercuryUI.PurchaseEntry.PurchaseEntryNegativeCase@543e710e]" name="beforeMethod" is-config="true" duration-ms="11880" started-at="2019-01-21T05:46:59Z" finished-at="2019-01-21T05:47:11Z">
          <params>
            <param index="0">
              <value>
                <![CDATA[public void com.pharmeasy.MercuryUI.PurchaseEntry.PurchaseEntryNegativeCase.NegativePurchaseEntry(java.lang.String,java.lang.String,java.lang.String) throws java.lang.InterruptedException]]>
              </value>
            </param>
          </params>
          <reporter-output>
          </reporter-output>
        </test-method> <!-- beforeMethod -->
        <test-method status="PASS" signature="NegativePurchaseEntry(java.lang.String, java.lang.String, java.lang.String)[pri:0, instance:com.pharmeasy.MercuryUI.PurchaseEntry.PurchaseEntryNegativeCase@543e710e]" name="NegativePurchaseEntry" duration-ms="51018" started-at="2019-01-21T05:47:11Z" data-provider="getTestData" finished-at="2019-01-21T05:48:02Z">
          <params>
            <param index="0">
              <value>
                <![CDATA[ne41]]>
              </value>
            </param>
            <param index="1">
              <value>
                <![CDATA[CROCIN ADVANCE 500MG TAB]]>
              </value>
            </param>
            <param index="2">
              <value is-null="true"/>
            </param>
          </params>
          <reporter-output>
          </reporter-output>
        </test-method> <!-- NegativePurchaseEntry -->
        <test-method status="PASS" signature="afterMethod(org.testng.ITestResult)[pri:0, instance:com.pharmeasy.MercuryUI.PurchaseEntry.PurchaseEntryNegativeCase@543e710e]" name="afterMethod" is-config="true" duration-ms="116" started-at="2019-01-21T05:48:02Z" finished-at="2019-01-21T05:48:02Z">
          <params>
            <param index="0">
              <value>
                <![CDATA[[TestResult name=NegativePurchaseEntry status=SUCCESS method=PurchaseEntryNegativeCase.NegativePurchaseEntry(java.lang.String, java.lang.String, java.lang.String)[pri:0, instance:com.pharmeasy.MercuryUI.PurchaseEntry.PurchaseEntryNegativeCase@543e710e] output={null}]]]>
              </value>
            </param>
          </params>
          <reporter-output>
          </reporter-output>
        </test-method> <!-- afterMethod -->
        <test-method status="PASS" signature="beforeMethod(java.lang.reflect.Method)[pri:0, instance:com.pharmeasy.MercuryUI.PurchaseEntry.PurchaseEntryNegativeCase@543e710e]" name="beforeMethod" is-config="true" duration-ms="4453" started-at="2019-01-21T05:48:02Z" finished-at="2019-01-21T05:48:07Z">
          <params>
            <param index="0">
              <value>
                <![CDATA[public void com.pharmeasy.MercuryUI.PurchaseEntry.PurchaseEntryNegativeCase.NegativePurchaseEntry(java.lang.String,java.lang.String,java.lang.String) throws java.lang.InterruptedException]]>
              </value>
            </param>
          </params>
          <reporter-output>
          </reporter-output>
        </test-method> <!-- beforeMethod -->
        <test-method status="PASS" signature="NegativePurchaseEntry(java.lang.String, java.lang.String, java.lang.String)[pri:0, instance:com.pharmeasy.MercuryUI.PurchaseEntry.PurchaseEntryNegativeCase@543e710e]" name="NegativePurchaseEntry" duration-ms="51604" started-at="2019-01-21T05:48:07Z" data-provider="getTestData" finished-at="2019-01-21T05:48:58Z">
          <params>
            <param index="0">
              <value>
                <![CDATA[ne31]]>
              </value>
            </param>
            <param index="1">
              <value>
                <![CDATA[GOLD COAT LOTION 120ML]]>
              </value>
            </param>
            <param index="2">
              <value is-null="true"/>
            </param>
          </params>
          <reporter-output>
          </reporter-output>
        </test-method> <!-- NegativePurchaseEntry -->
        <test-method status="PASS" signature="afterMethod(org.testng.ITestResult)[pri:0, instance:com.pharmeasy.MercuryUI.PurchaseEntry.PurchaseEntryNegativeCase@543e710e]" name="afterMethod" is-config="true" duration-ms="172" started-at="2019-01-21T05:48:58Z" finished-at="2019-01-21T05:48:59Z">
          <params>
            <param index="0">
              <value>
                <![CDATA[[TestResult name=NegativePurchaseEntry status=SUCCESS method=PurchaseEntryNegativeCase.NegativePurchaseEntry(java.lang.String, java.lang.String, java.lang.String)[pri:0, instance:com.pharmeasy.MercuryUI.PurchaseEntry.PurchaseEntryNegativeCase@543e710e] output={null}]]]>
              </value>
            </param>
          </params>
          <reporter-output>
          </reporter-output>
        </test-method> <!-- afterMethod -->
        <test-method status="PASS" signature="endTest()[pri:0, instance:com.pharmeasy.MercuryUI.PurchaseEntry.PurchaseEntryNegativeCase@543e710e]" name="endTest" is-config="true" duration-ms="583" started-at="2019-01-21T05:48:59Z" finished-at="2019-01-21T05:48:59Z">
          <reporter-output>
          </reporter-output>
        </test-method> <!-- endTest -->
      </class> <!-- com.pharmeasy.MercuryUI.PurchaseEntry.PurchaseEntryNegativeCase -->
    </test> <!-- Default test -->
  </suite> <!-- Default suite -->
</testng-results>
